--- MARS Agent Startup ---
Agent: openclaw
Tenant: user_007
Workspace: /Users/elgrhydev/mars server/.mars/tenants/user_007/openclaw
--------------------------
[Sun May  3 11:27:35 2026] Agent openclaw for tenant user_007 is running...
[Sun May  3 11:27:45 2026] Agent openclaw for tenant user_007 is running...
[Sun May  3 11:27:55 2026] Agent openclaw for tenant user_007 is running...
[Sun May  3 11:28:05 2026] Agent openclaw for tenant user_007 is running...
[Sun May  3 11:28:15 2026] Agent openclaw for tenant user_007 is running...
[Sun May  3 11:28:25 2026] Agent openclaw for tenant user_007 is running...
[Sun May  3 11:28:35 2026] Agent openclaw for tenant user_007 is running...
[Sun May  3 11:28:45 2026] Agent openclaw for tenant user_007 is running...
[Sun May  3 11:28:55 2026] Agent openclaw for tenant user_007 is running...
[Sun May  3 11:29:05 2026] Agent openclaw for tenant user_007 is running...
[Sun May  3 11:29:15 2026] Agent openclaw for tenant user_007 is running...
[Sun May  3 11:29:25 2026] Agent openclaw for tenant user_007 is running...
[Sun May  3 11:29:35 2026] Agent openclaw for tenant user_007 is running...
[Sun May  3 11:29:45 2026] Agent openclaw for tenant user_007 is running...
[Sun May  3 11:29:55 2026] Agent openclaw for tenant user_007 is running...
[Sun May  3 11:30:05 2026] Agent openclaw for tenant user_007 is running...
[Sun May  3 11:30:15 2026] Agent openclaw for tenant user_007 is running...
[Sun May  3 11:30:25 2026] Agent openclaw for tenant user_007 is running...
[Sun May  3 11:30:35 2026] Agent openclaw for tenant user_007 is running...
[Sun May  3 11:30:45 2026] Agent openclaw for tenant user_007 is running...
[Sun May  3 11:30:55 2026] Agent openclaw for tenant user_007 is running...
[Sun May  3 11:31:05 2026] Agent openclaw for tenant user_007 is running...
[Sun May  3 11:31:15 2026] Agent openclaw for tenant user_007 is running...
[Sun May  3 11:31:25 2026] Agent openclaw for tenant user_007 is running...
[Sun May  3 11:31:35 2026] Agent openclaw for tenant user_007 is running...
[Sun May  3 11:31:45 2026] Agent openclaw for tenant user_007 is running...
[Sun May  3 11:31:55 2026] Agent openclaw for tenant user_007 is running...
[Sun May  3 11:32:05 2026] Agent openclaw for tenant user_007 is running...
[Sun May  3 11:32:15 2026] Agent openclaw for tenant user_007 is running...
[Sun May  3 11:32:25 2026] Agent openclaw for tenant user_007 is running...
[Sun May  3 11:32:35 2026] Agent openclaw for tenant user_007 is running...
[Sun May  3 11:32:45 2026] Agent openclaw for tenant user_007 is running...
[Sun May  3 11:32:55 2026] Agent openclaw for tenant user_007 is running...
[Sun May  3 11:33:05 2026] Agent openclaw for tenant user_007 is running...
[Sun May  3 11:33:15 2026] Agent openclaw for tenant user_007 is running...
[Sun May  3 11:33:25 2026] Agent openclaw for tenant user_007 is running...
[Sun May  3 11:33:35 2026] Agent openclaw for tenant user_007 is running...
[Sun May  3 11:33:45 2026] Agent openclaw for tenant user_007 is running...
[Sun May  3 11:33:55 2026] Agent openclaw for tenant user_007 is running...
[Sun May  3 11:34:05 2026] Agent openclaw for tenant user_007 is running...
[Sun May  3 11:34:15 2026] Agent openclaw for tenant user_007 is running...
[Sun May  3 11:34:25 2026] Agent openclaw for tenant user_007 is running...
[Sun May  3 11:34:35 2026] Agent openclaw for tenant user_007 is running...
[Sun May  3 11:34:45 2026] Agent openclaw for tenant user_007 is running...
[Sun May  3 11:34:55 2026] Agent openclaw for tenant user_007 is running...
[Sun May  3 11:35:05 2026] Agent openclaw for tenant user_007 is running...
[Sun May  3 11:35:15 2026] Agent openclaw for tenant user_007 is running...
[Sun May  3 11:35:25 2026] Agent openclaw for tenant user_007 is running...
[Sun May  3 11:35:35 2026] Agent openclaw for tenant user_007 is running...
[Sun May  3 11:35:45 2026] Agent openclaw for tenant user_007 is running...
[Sun May  3 11:35:55 2026] Agent openclaw for tenant user_007 is running...
[Sun May  3 11:36:05 2026] Agent openclaw for tenant user_007 is running...
[Sun May  3 11:36:15 2026] Agent openclaw for tenant user_007 is running...
[Sun May  3 11:36:25 2026] Agent openclaw for tenant user_007 is running...
[Sun May  3 11:36:35 2026] Agent openclaw for tenant user_007 is running...
[Sun May  3 11:36:45 2026] Agent openclaw for tenant user_007 is running...
[Sun May  3 11:36:55 2026] Agent openclaw for tenant user_007 is running...
[Sun May  3 11:37:05 2026] Agent openclaw for tenant user_007 is running...
[Sun May  3 11:37:15 2026] Agent openclaw for tenant user_007 is running...
[Sun May  3 11:37:25 2026] Agent openclaw for tenant user_007 is running...
[Sun May  3 11:37:35 2026] Agent openclaw for tenant user_007 is running...
[Sun May  3 11:37:45 2026] Agent openclaw for tenant user_007 is running...
[Sun May  3 11:37:55 2026] Agent openclaw for tenant user_007 is running...
[Sun May  3 11:38:05 2026] Agent openclaw for tenant user_007 is running...
[Sun May  3 11:38:15 2026] Agent openclaw for tenant user_007 is running...
[Sun May  3 11:38:25 2026] Agent openclaw for tenant user_007 is running...
[Sun May  3 11:38:35 2026] Agent openclaw for tenant user_007 is running...
[Sun May  3 11:38:45 2026] Agent openclaw for tenant user_007 is running...
[Sun May  3 11:38:55 2026] Agent openclaw for tenant user_007 is running...
[Sun May  3 11:39:05 2026] Agent openclaw for tenant user_007 is running...
[Sun May  3 11:39:15 2026] Agent openclaw for tenant user_007 is running...
[Sun May  3 11:39:25 2026] Agent openclaw for tenant user_007 is running...
[Sun May  3 11:39:35 2026] Agent openclaw for tenant user_007 is running...
[Sun May  3 11:39:45 2026] Agent openclaw for tenant user_007 is running...
[Sun May  3 11:39:55 2026] Agent openclaw for tenant user_007 is running...
[Sun May  3 11:40:05 2026] Agent openclaw for tenant user_007 is running...
[Sun May  3 11:40:15 2026] Agent openclaw for tenant user_007 is running...
[Sun May  3 11:40:25 2026] Agent openclaw for tenant user_007 is running...
[Sun May  3 11:40:35 2026] Agent openclaw for tenant user_007 is running...
[Sun May  3 11:40:45 2026] Agent openclaw for tenant user_007 is running...
[Sun May  3 11:40:55 2026] Agent openclaw for tenant user_007 is running...
[Sun May  3 11:41:05 2026] Agent openclaw for tenant user_007 is running...
[Sun May  3 11:41:15 2026] Agent openclaw for tenant user_007 is running...
[Sun May  3 11:41:25 2026] Agent openclaw for tenant user_007 is running...
[Sun May  3 11:41:35 2026] Agent openclaw for tenant user_007 is running...
[Sun May  3 11:41:45 2026] Agent openclaw for tenant user_007 is running...
[Sun May  3 11:41:55 2026] Agent openclaw for tenant user_007 is running...
[Sun May  3 11:42:05 2026] Agent openclaw for tenant user_007 is running...
[Sun May  3 11:42:15 2026] Agent openclaw for tenant user_007 is running...
[Sun May  3 11:42:25 2026] Agent openclaw for tenant user_007 is running...
[Sun May  3 11:42:35 2026] Agent openclaw for tenant user_007 is running...
[Sun May  3 11:42:45 2026] Agent openclaw for tenant user_007 is running...
[Sun May  3 11:42:55 2026] Agent openclaw for tenant user_007 is running...
[Sun May  3 11:43:05 2026] Agent openclaw for tenant user_007 is running...
[Sun May  3 11:43:15 2026] Agent openclaw for tenant user_007 is running...
[Sun May  3 11:43:25 2026] Agent openclaw for tenant user_007 is running...
[Sun May  3 11:43:35 2026] Agent openclaw for tenant user_007 is running...
[Sun May  3 11:43:45 2026] Agent openclaw for tenant user_007 is running...
[Sun May  3 11:43:55 2026] Agent openclaw for tenant user_007 is running...
[Sun May  3 11:44:05 2026] Agent openclaw for tenant user_007 is running...
[Sun May  3 11:44:15 2026] Agent openclaw for tenant user_007 is running...
[Sun May  3 11:44:25 2026] Agent openclaw for tenant user_007 is running...
[Sun May  3 11:44:35 2026] Agent openclaw for tenant user_007 is running...
[Sun May  3 11:44:45 2026] Agent openclaw for tenant user_007 is running...
[Sun May  3 11:44:55 2026] Agent openclaw for tenant user_007 is running...
